<?xml version="1.0" encoding="UTF-8"?>
<testng-results ignored="0" total="5" passed="5" failed="0" skipped="0">
  <reporter-output>
  </reporter-output>
  <suite started-at="2026-04-22T16:11:42 BDT" name="phptravelSuite" finished-at="2026-04-22T16:11:58 BDT" duration-ms="16090">
    <groups>
    </groups>
    <test started-at="2026-04-22T16:11:42 BDT" name="SignupTest" finished-at="2026-04-22T16:11:58 BDT" duration-ms="16090">
      <class name="com.example.new_maven.testcase.LoginTest">
        <test-method is-config="true" signature="setup()[pri:0, instance:com.example.new_maven.testcase.LoginTest@302552ec]" started-at="2026-04-22T16:11:40 BDT" name="setup" finished-at="2026-04-22T16:11:42 BDT" duration-ms="2390" status="PASS">
          <reporter-output>
          </reporter-output>
        </test-method> <!-- setup -->
        <test-method signature="inValidLogin()[pri:2, instance:com.example.new_maven.testcase.LoginTest@302552ec]" started-at="2026-04-22T16:11:42 BDT" name="inValidLogin" finished-at="2026-04-22T16:11:48 BDT" duration-ms="5519" status="PASS">
          <reporter-output>
          </reporter-output>
        </test-method> <!-- inValidLogin -->
        <test-method signature="inValidEmailLogin()[pri:3, instance:com.example.new_maven.testcase.LoginTest@302552ec]" started-at="2026-04-22T16:11:48 BDT" name="inValidEmailLogin" finished-at="2026-04-22T16:11:50 BDT" duration-ms="2105" status="PASS">
          <reporter-output>
          </reporter-output>
        </test-method> <!-- inValidEmailLogin -->
        <test-method signature="inValidPasswordLogin()[pri:4, instance:com.example.new_maven.testcase.LoginTest@302552ec]" started-at="2026-04-22T16:11:50 BDT" name="inValidPasswordLogin" finished-at="2026-04-22T16:11:51 BDT" duration-ms="1515" status="PASS">
          <reporter-output>
          </reporter-output>
        </test-method> <!-- inValidPasswordLogin -->
        <test-method signature="forgotPasswordvalidLogin()[pri:5, instance:com.example.new_maven.testcase.LoginTest@302552ec]" started-at="2026-04-22T16:11:51 BDT" name="forgotPasswordvalidLogin" finished-at="2026-04-22T16:11:56 BDT" duration-ms="4562" status="PASS">
          <reporter-output>
          </reporter-output>
        </test-method> <!-- forgotPasswordvalidLogin -->
        <test-method signature="forgotPasswordInvalidLogin()[pri:6, instance:com.example.new_maven.testcase.LoginTest@302552ec]" started-at="2026-04-22T16:11:56 BDT" name="forgotPasswordInvalidLogin" finished-at="2026-04-22T16:11:58 BDT" duration-ms="2298" status="PASS">
          <reporter-output>
          </reporter-output>
        </test-method> <!-- forgotPasswordInvalidLogin -->
        <test-method is-config="true" signature="tearDown()[pri:0, instance:com.example.new_maven.testcase.LoginTest@302552ec]" started-at="2026-04-22T16:11:58 BDT" name="tearDown" finished-at="2026-04-22T16:11:59 BDT" duration-ms="447" status="PASS">
          <reporter-output>
          </reporter-output>
        </test-method> <!-- tearDown -->
      </class> <!-- com.example.new_maven.testcase.LoginTest -->
    </test> <!-- SignupTest -->
  </suite> <!-- phptravelSuite -->
</testng-results>
