<?xml version="1.0" encoding="UTF-8"?>
<!-- Generated by org.testng.reporters.JUnitReportReporter -->
<testsuite hostname="DESKTOP-J8P67SI" failures="0" tests="2" name="com.example.new_maven.testcase.Cookietestcase" time="5.296" errors="0" timestamp="2026-02-10T10:31:22 PST" skipped="0">
  <testcase classname="com.example.new_maven.testcase.Cookietestcase" name="cookieClick1" time="4.202"/>
  <testcase classname="com.example.new_maven.testcase.Cookietestcase" name="cookieClick2" time="1.094"/>
</testsuite> <!-- com.example.new_maven.testcase.Cookietestcase -->
