<?xml version="1.0" encoding="UTF-8"?>
<!-- Generated by org.testng.reporters.JUnitReportReporter -->
<testsuite hostname="DESKTOP-J8P67SI" failures="0" tests="2" name="com.example.new_maven.testcase.Suppliertestcase" time="6.407" errors="0" timestamp="2026-02-10T10:31:22 PST" skipped="0">
  <testcase classname="com.example.new_maven.testcase.Suppliertestcase" name="privacy1" time="4.189"/>
  <testcase classname="com.example.new_maven.testcase.Suppliertestcase" name="Privacy2" time="2.218"/>
</testsuite> <!-- com.example.new_maven.testcase.Suppliertestcase -->
