<?xml version="1.0" encoding="UTF-8"?>
<!-- Generated by org.testng.reporters.JUnitReportReporter -->
<testsuite hostname="DESKTOP-J8P67SI" failures="0" tests="8" name="com.example.new_maven.testcase.signupTestcase" time="49.809" errors="0" timestamp="2026-02-10T10:31:22 PST" skipped="0">
  <testcase classname="com.example.new_maven.testcase.signupTestcase" name="signupTest" time="10.316"/>
  <testcase classname="com.example.new_maven.testcase.signupTestcase" name="blankallSignup" time="4.732"/>
  <testcase classname="com.example.new_maven.testcase.signupTestcase" name="invalidFirstnameSignup" time="7.436"/>
  <testcase classname="com.example.new_maven.testcase.signupTestcase" name="invalidlastnameSignup" time="7.380"/>
  <testcase classname="com.example.new_maven.testcase.signupTestcase" name="invalidEmailSignup" time="6.668"/>
  <testcase classname="com.example.new_maven.testcase.signupTestcase" name="invalidEmailmissingSignup" time="5.684"/>
  <testcase classname="com.example.new_maven.testcase.signupTestcase" name="invalidPasswordSignup" time="3.955"/>
  <testcase classname="com.example.new_maven.testcase.signupTestcase" name="invalidConfirmpasswordSignup" time="3.638"/>
</testsuite> <!-- com.example.new_maven.testcase.signupTestcase -->
