<?xml version="1.0" encoding="UTF-8"?>
<!-- Generated by org.testng.reporters.JUnitReportReporter -->
<testsuite hostname="DESKTOP-J8P67SI" failures="0" tests="2" name="com.example.new_maven.testcase.Termstestcase" time="5.060" errors="0" timestamp="2026-02-10T10:31:22 PST" skipped="0">
  <testcase classname="com.example.new_maven.testcase.Termstestcase" name="Terms1" time="2.836"/>
  <testcase classname="com.example.new_maven.testcase.Termstestcase" name="Terms2" time="2.224"/>
</testsuite> <!-- com.example.new_maven.testcase.Termstestcase -->
