<?xml version="1.0" encoding="UTF-8"?>
<!-- Generated by org.testng.reporters.JUnitReportReporter -->
<testsuite hostname="DESKTOP-J8P67SI" failures="0" tests="2" name="com.example.new_maven.testcase.Contacttestcase" time="3.057" errors="0" timestamp="2026-02-10T10:31:22 PST" skipped="0">
  <testcase classname="com.example.new_maven.testcase.Contacttestcase" name="Contacttest1" time="2.141"/>
  <testcase classname="com.example.new_maven.testcase.Contacttestcase" name="Contacttest2" time="0.916"/>
</testsuite> <!-- com.example.new_maven.testcase.Contacttestcase -->
