<?xml version="1.0" encoding="UTF-8"?>
<!-- Generated by org.testng.reporters.JUnitReportReporter -->
<testsuite hostname="DESKTOP-J8P67SI" failures="0" tests="6" name="com.example.new_maven.testcase.LoginTest" time="15.089" errors="0" timestamp="2026-02-10T10:31:22 PST" skipped="0">
  <testcase classname="com.example.new_maven.testcase.LoginTest" name="validLogin" time="3.371"/>
  <testcase classname="com.example.new_maven.testcase.LoginTest" name="inValidLogin" time="1.561"/>
  <testcase classname="com.example.new_maven.testcase.LoginTest" name="inValidEmailLogin" time="1.768"/>
  <testcase classname="com.example.new_maven.testcase.LoginTest" name="inValidPasswordLogin" time="1.668"/>
  <testcase classname="com.example.new_maven.testcase.LoginTest" name="forgotPasswordvalidLogin" time="2.703"/>
  <testcase classname="com.example.new_maven.testcase.LoginTest" name="forgotPasswordInvalidLogin" time="4.018"/>
</testsuite> <!-- com.example.new_maven.testcase.LoginTest -->
