<?xml version="1.0" encoding="UTF-8"?>
<!-- Generated by org.testng.reporters.JUnitReportReporter -->
<testsuite hostname="DESKTOP-J8P67SI" failures="0" tests="2" name="com.example.new_maven.testcase.Privacytestcase" time="2.696" errors="0" timestamp="2026-02-10T10:31:22 PST" skipped="0">
  <testcase classname="com.example.new_maven.testcase.Privacytestcase" name="Privacytest1" time="2.557"/>
  <testcase classname="com.example.new_maven.testcase.Privacytestcase" name="Privacytest2" time="0.139"/>
</testsuite> <!-- com.example.new_maven.testcase.Privacytestcase -->
