<?xml version="1.0" encoding="UTF-8"?>
<!-- Generated by org.testng.reporters.JUnitReportReporter -->
<testsuite hostname="DESKTOP-J8P67SI" failures="0" tests="8" name="com.example.new_maven.testcase.signupTestcase" time="20.957" errors="0" timestamp="2026-04-22T15:38:54 BDT" skipped="0">
  <testcase classname="com.example.new_maven.testcase.signupTestcase" name="signupTest" time="5.699"/>
  <testcase classname="com.example.new_maven.testcase.signupTestcase" name="blankallSignup" time="1.727"/>
  <testcase classname="com.example.new_maven.testcase.signupTestcase" name="invalidFirstnameSignup" time="2.254"/>
  <testcase classname="com.example.new_maven.testcase.signupTestcase" name="invalidlastnameSignup" time="2.299"/>
  <testcase classname="com.example.new_maven.testcase.signupTestcase" name="invalidEmailSignup" time="2.292"/>
  <testcase classname="com.example.new_maven.testcase.signupTestcase" name="invalidEmailmissingSignup" time="2.411"/>
  <testcase classname="com.example.new_maven.testcase.signupTestcase" name="invalidPasswordSignup" time="2.013"/>
  <testcase classname="com.example.new_maven.testcase.signupTestcase" name="invalidConfirmpasswordSignup" time="2.262"/>
</testsuite> <!-- com.example.new_maven.testcase.signupTestcase -->
