<?xml version="1.0" encoding="UTF-8"?>
<!-- Generated by org.testng.reporters.JUnitXMLReporter -->
<testsuite ignored="40" hostname="DESKTOP-J8P67SI" failures="0" tests="39" name="SignupTest" time="115.881" errors="0" timestamp="2026-02-10T10:31:21 PST">
  <testcase classname="com.example.new_maven.testcase.signupTestcase" name="signupTest" time="10.316"/>
  <testcase classname="com.example.new_maven.testcase.signupTestcase" name="blankallSignup" time="4.732"/>
  <testcase classname="com.example.new_maven.testcase.signupTestcase" name="invalidFirstnameSignup" time="7.436"/>
  <testcase classname="com.example.new_maven.testcase.signupTestcase" name="invalidlastnameSignup" time="7.38"/>
  <testcase classname="com.example.new_maven.testcase.signupTestcase" name="invalidEmailSignup" time="6.668"/>
  <testcase classname="com.example.new_maven.testcase.signupTestcase" name="invalidEmailmissingSignup" time="5.684"/>
  <testcase classname="com.example.new_maven.testcase.signupTestcase" name="invalidPasswordSignup" time="3.955"/>
  <testcase classname="com.example.new_maven.testcase.signupTestcase" name="invalidConfirmpasswordSignup" time="3.638"/>
  <testcase classname="com.example.new_maven.testcase.LoginTest" name="validLogin" time="3.371"/>
  <testcase classname="com.example.new_maven.testcase.LoginTest" name="inValidLogin" time="1.561"/>
  <testcase classname="com.example.new_maven.testcase.LoginTest" name="inValidEmailLogin" time="1.768"/>
  <testcase classname="com.example.new_maven.testcase.LoginTest" name="inValidPasswordLogin" time="1.668"/>
  <testcase classname="com.example.new_maven.testcase.LoginTest" name="forgotPasswordvalidLogin" time="2.703"/>
  <testcase classname="com.example.new_maven.testcase.LoginTest" name="forgotPasswordInvalidLogin" time="4.018"/>
  <testcase classname="com.example.new_maven.testcase.Contacttestcase" name="Contacttest1" time="2.141"/>
  <testcase classname="com.example.new_maven.testcase.Contacttestcase" name="Contacttest2" time="0.916"/>
  <testcase classname="com.example.new_maven.testcase.Abouttestcase" name="About1" time="2.121"/>
  <testcase classname="com.example.new_maven.testcase.Abouttestcase" name="About2" time="0.122"/>
  <testcase classname="com.example.new_maven.testcase.Cookietestcase" name="cookieClick1" time="4.202"/>
  <testcase classname="com.example.new_maven.testcase.Cookietestcase" name="cookieClick2" time="1.094"/>
  <testcase classname="com.example.new_maven.testcase.Privacytestcase" name="Privacytest1" time="2.557"/>
  <testcase classname="com.example.new_maven.testcase.Privacytestcase" name="Privacytest2" time="0.139"/>
  <testcase classname="com.example.new_maven.testcase.Suppliertestcase" name="privacy1" time="4.189"/>
  <testcase classname="com.example.new_maven.testcase.Suppliertestcase" name="Privacy2" time="2.218"/>
  <testcase classname="com.example.new_maven.testcase.Termstestcase" name="Terms1" time="2.836"/>
  <testcase classname="com.example.new_maven.testcase.Termstestcase" name="Terms2" time="2.224"/>
  <testcase classname="com.example.new_maven.testcase.Blogstestcase" name="Blogstest" time="2.148"/>
  <testcase classname="com.example.new_maven.testcase.Besttestcase" name="Explorbest" time="2.027"/>
  <testcase classname="com.example.new_maven.testcase.Documenttestcase" name="Documents" time="2.25"/>
  <testcase classname="com.example.new_maven.testcase.Insurencetestcase" name="clickInsurence" time="2.075"/>
  <testcase classname="com.example.new_maven.testcase.Disruptiontestcase" name="disruption" time="2.201"/>
  <testcase classname="com.example.new_maven.testcase.FAQtestcase" name="faq" time="2.017"/>
  <testcase classname="com.example.new_maven.testcase.Accessibilitytestcase" name="accessibilityClick" time="2.333"/>
  <testcase classname="com.example.new_maven.testcase.programmTestcase" name="support_Programm" time="2.159"/>
  <testcase classname="com.example.new_maven.testcase.Investors" name="investortest" time="2.057"/>
  <testcase classname="com.example.new_maven.testcase.careerTestcase" name="careerJobs" time="1.436"/>
  <testcase classname="com.example.new_maven.testcase.bookTestcase" name="Bookclick" time="1.528"/>
  <testcase classname="com.example.new_maven.testcase.claimTestcase" name="clickClaim" time="1.761"/>
  <testcase classname="com.example.new_maven.testcase.refundTestcase" name="refund_Click" time="1.952"/>
  <testcase classname="com.example.new_maven.BaseTest" name="@AfterSuite tearDown" time="0.0">
    <ignored/>
  </testcase> <!-- @AfterSuite tearDown -->
  <testcase classname="com.example.new_maven.BaseTest" name="@BeforeSuite setup" time="0.0">
    <ignored/>
  </testcase> <!-- @BeforeSuite setup -->
  <testcase classname="com.example.new_maven.BaseTest" name="@AfterSuite tearDown" time="0.0">
    <ignored/>
  </testcase> <!-- @AfterSuite tearDown -->
  <testcase classname="com.example.new_maven.BaseTest" name="@AfterSuite tearDown" time="0.0">
    <ignored/>
  </testcase> <!-- @AfterSuite tearDown -->
  <testcase classname="com.example.new_maven.BaseTest" name="@BeforeSuite setup" time="0.0">
    <ignored/>
  </testcase> <!-- @BeforeSuite setup -->
  <testcase classname="com.example.new_maven.BaseTest" name="@AfterSuite tearDown" time="0.0">
    <ignored/>
  </testcase> <!-- @AfterSuite tearDown -->
  <testcase classname="com.example.new_maven.BaseTest" name="@AfterSuite tearDown" time="0.0">
    <ignored/>
  </testcase> <!-- @AfterSuite tearDown -->
  <testcase classname="com.example.new_maven.BaseTest" name="@AfterSuite tearDown" time="0.0">
    <ignored/>
  </testcase> <!-- @AfterSuite tearDown -->
  <testcase classname="com.example.new_maven.BaseTest" name="@BeforeSuite setup" time="0.0">
    <ignored/>
  </testcase> <!-- @BeforeSuite setup -->
  <testcase classname="com.example.new_maven.BaseTest" name="@BeforeSuite setup" time="0.0">
    <ignored/>
  </testcase> <!-- @BeforeSuite setup -->
  <testcase classname="com.example.new_maven.BaseTest" name="@AfterSuite tearDown" time="0.0">
    <ignored/>
  </testcase> <!-- @AfterSuite tearDown -->
  <testcase classname="com.example.new_maven.BaseTest" name="@AfterSuite tearDown" time="0.0">
    <ignored/>
  </testcase> <!-- @AfterSuite tearDown -->
  <testcase classname="com.example.new_maven.BaseTest" name="@BeforeSuite setup" time="0.0">
    <ignored/>
  </testcase> <!-- @BeforeSuite setup -->
  <testcase classname="com.example.new_maven.BaseTest" name="@BeforeSuite setup" time="0.0">
    <ignored/>
  </testcase> <!-- @BeforeSuite setup -->
  <testcase classname="com.example.new_maven.BaseTest" name="@BeforeSuite setup" time="0.0">
    <ignored/>
  </testcase> <!-- @BeforeSuite setup -->
  <testcase classname="com.example.new_maven.BaseTest" name="@AfterSuite tearDown" time="0.0">
    <ignored/>
  </testcase> <!-- @AfterSuite tearDown -->
  <testcase classname="com.example.new_maven.BaseTest" name="@BeforeSuite setup" time="0.0">
    <ignored/>
  </testcase> <!-- @BeforeSuite setup -->
  <testcase classname="com.example.new_maven.BaseTest" name="@AfterSuite tearDown" time="0.0">
    <ignored/>
  </testcase> <!-- @AfterSuite tearDown -->
  <testcase classname="com.example.new_maven.BaseTest" name="@BeforeSuite setup" time="0.0">
    <ignored/>
  </testcase> <!-- @BeforeSuite setup -->
  <testcase classname="com.example.new_maven.BaseTest" name="@BeforeSuite setup" time="0.0">
    <ignored/>
  </testcase> <!-- @BeforeSuite setup -->
  <testcase classname="com.example.new_maven.BaseTest" name="@BeforeSuite setup" time="0.0">
    <ignored/>
  </testcase> <!-- @BeforeSuite setup -->
  <testcase classname="com.example.new_maven.BaseTest" name="@AfterSuite tearDown" time="0.0">
    <ignored/>
  </testcase> <!-- @AfterSuite tearDown -->
  <testcase classname="com.example.new_maven.BaseTest" name="@BeforeSuite setup" time="0.0">
    <ignored/>
  </testcase> <!-- @BeforeSuite setup -->
  <testcase classname="com.example.new_maven.BaseTest" name="@AfterSuite tearDown" time="0.0">
    <ignored/>
  </testcase> <!-- @AfterSuite tearDown -->
  <testcase classname="com.example.new_maven.BaseTest" name="@AfterSuite tearDown" time="0.0">
    <ignored/>
  </testcase> <!-- @AfterSuite tearDown -->
  <testcase classname="com.example.new_maven.BaseTest" name="@AfterSuite tearDown" time="0.0">
    <ignored/>
  </testcase> <!-- @AfterSuite tearDown -->
  <testcase classname="com.example.new_maven.BaseTest" name="@BeforeSuite setup" time="0.0">
    <ignored/>
  </testcase> <!-- @BeforeSuite setup -->
  <testcase classname="com.example.new_maven.BaseTest" name="@AfterSuite tearDown" time="0.0">
    <ignored/>
  </testcase> <!-- @AfterSuite tearDown -->
  <testcase classname="com.example.new_maven.BaseTest" name="@AfterSuite tearDown" time="0.0">
    <ignored/>
  </testcase> <!-- @AfterSuite tearDown -->
  <testcase classname="com.example.new_maven.BaseTest" name="@BeforeSuite setup" time="0.0">
    <ignored/>
  </testcase> <!-- @BeforeSuite setup -->
  <testcase classname="com.example.new_maven.BaseTest" name="@BeforeSuite setup" time="0.0">
    <ignored/>
  </testcase> <!-- @BeforeSuite setup -->
  <testcase classname="com.example.new_maven.BaseTest" name="@AfterSuite tearDown" time="0.0">
    <ignored/>
  </testcase> <!-- @AfterSuite tearDown -->
  <testcase classname="com.example.new_maven.BaseTest" name="@AfterSuite tearDown" time="0.0">
    <ignored/>
  </testcase> <!-- @AfterSuite tearDown -->
  <testcase classname="com.example.new_maven.BaseTest" name="@BeforeSuite setup" time="0.0">
    <ignored/>
  </testcase> <!-- @BeforeSuite setup -->
  <testcase classname="com.example.new_maven.BaseTest" name="@AfterSuite tearDown" time="0.0">
    <ignored/>
  </testcase> <!-- @AfterSuite tearDown -->
  <testcase classname="com.example.new_maven.BaseTest" name="@BeforeSuite setup" time="0.0">
    <ignored/>
  </testcase> <!-- @BeforeSuite setup -->
  <testcase classname="com.example.new_maven.BaseTest" name="@AfterSuite tearDown" time="0.0">
    <ignored/>
  </testcase> <!-- @AfterSuite tearDown -->
  <testcase classname="com.example.new_maven.BaseTest" name="@BeforeSuite setup" time="0.0">
    <ignored/>
  </testcase> <!-- @BeforeSuite setup -->
  <testcase classname="com.example.new_maven.BaseTest" name="@BeforeSuite setup" time="0.0">
    <ignored/>
  </testcase> <!-- @BeforeSuite setup -->
  <testcase classname="com.example.new_maven.BaseTest" name="@BeforeSuite setup" time="0.0">
    <ignored/>
  </testcase> <!-- @BeforeSuite setup -->
</testsuite> <!-- SignupTest -->
