<?xml version="1.0" encoding="UTF-8"?>
<!-- Generated by org.testng.reporters.JUnitXMLReporter -->
<testsuite ignored="0" hostname="DESKTOP-J8P67SI" failures="0" tests="5" name="SignupTest" time="16.09" errors="0" timestamp="2026-04-22T16:11:58 BDT">
  <testcase classname="com.example.new_maven.testcase.LoginTest" name="inValidLogin" time="5.519"/>
  <testcase classname="com.example.new_maven.testcase.LoginTest" name="inValidEmailLogin" time="2.105"/>
  <testcase classname="com.example.new_maven.testcase.LoginTest" name="inValidPasswordLogin" time="1.515"/>
  <testcase classname="com.example.new_maven.testcase.LoginTest" name="forgotPasswordvalidLogin" time="4.562"/>
  <testcase classname="com.example.new_maven.testcase.LoginTest" name="forgotPasswordInvalidLogin" time="2.298"/>
</testsuite> <!-- SignupTest -->
